[debug] [2022-12-06T03:30:28.865Z] ----------------------------------------------------------------------
[debug] [2022-12-06T03:30:28.867Z] Command:       C:\Program Files\nodejs\node.exe C:\Users\jesse\AppData\Roaming\npm\node_modules\firebase-tools\lib\bin\firebase.js init hosting
[debug] [2022-12-06T03:30:28.867Z] CLI Version:   11.16.1
[debug] [2022-12-06T03:30:28.867Z] Platform:      win32
[debug] [2022-12-06T03:30:28.867Z] Node Version:  v16.17.1
[debug] [2022-12-06T03:30:28.868Z] Time:          Mon Dec 05 2022 20:30:28 GMT-0700 (Mountain Standard Time)
[debug] [2022-12-06T03:30:28.868Z] ----------------------------------------------------------------------
[debug] 
[debug] [2022-12-06T03:30:28.874Z] > command requires scopes: ["email","openid","https://www.googleapis.com/auth/cloudplatformprojects.readonly","https://www.googleapis.com/auth/firebase","https://www.googleapis.com/auth/cloud-platform"]
[debug] [2022-12-06T03:30:28.874Z] > authorizing via signed-in user (jesselweis@gmail.com)
[info] 
     ######## #### ########  ######## ########     ###     ######  ########
     ##        ##  ##     ## ##       ##     ##  ##   ##  ##       ##
     ######    ##  ########  ######   ########  #########  ######  ######
     ##        ##  ##    ##  ##       ##     ## ##     ##       ## ##
     ##       #### ##     ## ######## ########  ##     ##  ######  ########

You're about to initialize a Firebase project in this directory:

  C:\Users\jesse\angular\serverTest\server-test

[info] 
=== Project Setup
[info] 
[info] First, let's associate this project directory with a Firebase project.
[info] You can create multiple project aliases by running firebase use --add, 
[info] but for now we'll just set up a default project.
[info] 
[debug] [2022-12-06T03:30:46.069Z] >>> [apiv2][query] GET https://firebase.googleapis.com/v1beta1/projects pageSize=100
[debug] [2022-12-06T03:30:46.479Z] <<< [apiv2][status] GET https://firebase.googleapis.com/v1beta1/projects 200
[debug] [2022-12-06T03:30:46.479Z] <<< [apiv2][body] GET https://firebase.googleapis.com/v1beta1/projects [omitted]
[info] i  Using project uforeporting-66cdd (UFOreporting) 
[info] 
=== Hosting Setup
[info] 
[info] Your public directory is the folder (relative to your project directory) that
[info] will contain Hosting assets to be uploaded with firebase deploy. If you
[info] have a build process for your assets, use your build's output directory.
[info] 
[info] +  Wrote y/404.html 
[debug] [2022-12-06T03:31:07.427Z] >>> [apiv2][query] GET https://www.gstatic.com/firebasejs/releases.json [none]
[debug] [2022-12-06T03:31:07.539Z] <<< [apiv2][status] GET https://www.gstatic.com/firebasejs/releases.json 200
[debug] [2022-12-06T03:31:07.539Z] <<< [apiv2][body] GET https://www.gstatic.com/firebasejs/releases.json {"current":{"version":"9.14.0","browserURL":"https://www.gstatic.com/firebasejs/9.14.0/firebase.js","packageURL":"https://www.gstatic.com/firebasejs/9.14.0/firebase.tgz"},"live":{"version":"9.14","browserURL":"https://www.gstatic.com/firebasejs/live/9.14/firebase.js","packageURL":"https://www.gstatic.com/firebasejs/live/9.14/firebase.tgz"},"components":{"analytics":"https://www.gstatic.com/firebasejs/9.14.0/firebase-analytics.js","app":"https://www.gstatic.com/firebasejs/9.14.0/firebase-app.js","app-check":"https://www.gstatic.com/firebasejs/9.14.0/firebase-app-check.js","auth":"https://www.gstatic.com/firebasejs/9.14.0/firebase-auth.js","auth/cordova":"https://www.gstatic.com/firebasejs/9.14.0/firebase-auth/cordova.js","auth/react-native":"https://www.gstatic.com/firebasejs/9.14.0/firebase-auth/react-native.js","functions":"https://www.gstatic.com/firebasejs/9.14.0/firebase-functions.js","firestore":"https://www.gstatic.com/firebasejs/9.14.0/firebase-firestore.js","firestore/lite":"https://www.gstatic.com/firebasejs/9.14.0/firebase-firestore/lite.js","installations":"https://www.gstatic.com/firebasejs/9.14.0/firebase-installations.js","storage":"https://www.gstatic.com/firebasejs/9.14.0/firebase-storage.js","performance":"https://www.gstatic.com/firebasejs/9.14.0/firebase-performance.js","remote-config":"https://www.gstatic.com/firebasejs/9.14.0/firebase-remote-config.js","messaging":"https://www.gstatic.com/firebasejs/9.14.0/firebase-messaging.js","messaging/sw":"https://www.gstatic.com/firebasejs/9.14.0/firebase-messaging/sw.js","database":"https://www.gstatic.com/firebasejs/9.14.0/firebase-database.js","firestore.memory":"https://www.gstatic.com/firebasejs/9.14.0/firebase-firestore.memory.js"}}
[info] +  Wrote y/index.html 
[info] 
[info] i  Detected a .git folder at C:\Users\jesse\angular\serverTest\server-test 
[info] i  Authorizing with GitHub to upload your service account to a GitHub repository's secrets store. 
[info] 
[info] Visit this URL on this device to log in:
[info] https://github.com/login/oauth/authorize?client_id=89cf50f02ac6aaed3484&state=39069151&redirect_uri=http%3A%2F%2Flocalhost%3A9005&scope=read%3Auser%20repo%20public_repo
[info] 
[info] Waiting for authentication...
[debug] [2022-12-06T03:31:22.848Z] >>> [apiv2][query] POST https://github.com/login/oauth/access_token [none]
[debug] [2022-12-06T03:31:22.848Z] >>> [apiv2][body] POST https://github.com/login/oauth/access_token [stream]
[debug] [2022-12-06T03:31:23.220Z] <<< [apiv2][status] POST https://github.com/login/oauth/access_token 200
[debug] [2022-12-06T03:31:23.220Z] <<< [apiv2][body] POST https://github.com/login/oauth/access_token {"access_token":"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","token_type":"bearer","scope":"read:user,repo"}
[debug] [2022-12-06T03:31:23.223Z] >>> [apiv2][query] GET https://api.github.com/user [none]
[debug] [2022-12-06T03:31:23.593Z] <<< [apiv2][status] GET https://api.github.com/user 200
[debug] [2022-12-06T03:31:23.593Z] <<< [apiv2][body] GET https://api.github.com/user {"login":"OLLLLLLLO-JW","id":114362068,"node_id":"U_kgDOBtEG1A","avatar_url":"https://avatars.githubusercontent.com/u/114362068?v=4","gravatar_id":"","url":"https://api.github.com/users/OLLLLLLLO-JW","html_url":"https://github.com/OLLLLLLLO-JW","followers_url":"https://api.github.com/users/OLLLLLLLO-JW/followers","following_url":"https://api.github.com/users/OLLLLLLLO-JW/following{/other_user}","gists_url":"https://api.github.com/users/OLLLLLLLO-JW/gists{/gist_id}","starred_url":"https://api.github.com/users/OLLLLLLLO-JW/starred{/owner}{/repo}","subscriptions_url":"https://api.github.com/users/OLLLLLLLO-JW/subscriptions","organizations_url":"https://api.github.com/users/OLLLLLLLO-JW/orgs","repos_url":"https://api.github.com/users/OLLLLLLLO-JW/repos","events_url":"https://api.github.com/users/OLLLLLLLO-JW/events{/privacy}","received_events_url":"https://api.github.com/users/OLLLLLLLO-JW/received_events","type":"User","site_admin":false,"name":"Jesse Weis","company":null,"blog":"","location":null,"email":null,"hireable":null,"bio":null,"twitter_username":null,"public_repos":1,"public_gists":0,"followers":2,"following":2,"created_at":"2022-09-25T19:54:29Z","updated_at":"2022-12-06T02:11:06Z","private_gists":0,"total_private_repos":0,"owned_private_repos":0,"disk_usage":437,"collaborators":0,"two_factor_authentication":false,"plan":{"name":"free","space":976562499,"collaborators":0,"private_repos":10000}}
[info] 
[info] +  Success! Logged into GitHub as OLLLLLLLO-JW 
[info] 
[debug] [2022-12-06T03:31:33.191Z] >>> [apiv2][query] GET https://api.github.com/repos//actions/secrets/public-key type=owner
[debug] [2022-12-06T03:31:33.509Z] <<< [apiv2][status] GET https://api.github.com/repos//actions/secrets/public-key 404
[debug] [2022-12-06T03:31:33.509Z] <<< [apiv2][body] GET https://api.github.com/repos//actions/secrets/public-key {"message":"Not Found","documentation_url":"https://docs.github.com/rest"}
[debug] [2022-12-06T03:31:57.972Z] >>> [apiv2][query] GET https://api.github.com/repos/OLLLLLLO-JW/server-test/actions/secrets/public-key type=owner
[debug] [2022-12-06T03:31:58.273Z] <<< [apiv2][status] GET https://api.github.com/repos/OLLLLLLO-JW/server-test/actions/secrets/public-key 404
[debug] [2022-12-06T03:31:58.273Z] <<< [apiv2][body] GET https://api.github.com/repos/OLLLLLLO-JW/server-test/actions/secrets/public-key {"message":"Not Found","documentation_url":"https://docs.github.com/rest/reference/actions#get-a-repository-public-key"}
[debug] [2022-12-06T03:31:59.191Z] >>> [apiv2][query] GET https://api.github.com/repos/OLLLLLLO-JW/server-test/actions/secrets/public-key type=owner
[debug] [2022-12-06T03:31:59.517Z] <<< [apiv2][status] GET https://api.github.com/repos/OLLLLLLO-JW/server-test/actions/secrets/public-key 404
[debug] [2022-12-06T03:31:59.517Z] <<< [apiv2][body] GET https://api.github.com/repos/OLLLLLLO-JW/server-test/actions/secrets/public-key {"message":"Not Found","documentation_url":"https://docs.github.com/rest/reference/actions#get-a-repository-public-key"}
[debug] [2022-12-06T03:32:02.872Z] >>> [apiv2][query] GET https://api.github.com/repos/OLLLLLLO-JW/server-test/actions/secrets/public-key type=owner
[debug] [2022-12-06T03:32:03.214Z] <<< [apiv2][status] GET https://api.github.com/repos/OLLLLLLO-JW/server-test/actions/secrets/public-key 404
[debug] [2022-12-06T03:32:03.214Z] <<< [apiv2][body] GET https://api.github.com/repos/OLLLLLLO-JW/server-test/actions/secrets/public-key {"message":"Not Found","documentation_url":"https://docs.github.com/rest/reference/actions#get-a-repository-public-key"}
[debug] [2022-12-06T03:32:09.259Z] >>> [apiv2][query] GET https://api.github.com/repos//actions/secrets/public-key type=owner
[debug] [2022-12-06T03:32:09.568Z] <<< [apiv2][status] GET https://api.github.com/repos//actions/secrets/public-key 404
[debug] [2022-12-06T03:32:09.568Z] <<< [apiv2][body] GET https://api.github.com/repos//actions/secrets/public-key {"message":"Not Found","documentation_url":"https://docs.github.com/rest"}
